<?xml version="1.0" encoding="UTF-8"?>
<!-- Generated by org.testng.reporters.JUnitXMLReporter -->
<testsuite hostname="LAPTOP-SV8R383S" ignored="2" name="Test" tests="7" failures="0" timestamp="2021-07-26T10:58:57 IST" time="17.219" errors="0">
  <testcase name="@BeforeTest precondition" time="14.052" classname="tests.TC_signup">
    <failure type="org.openqa.selenium.NoSuchElementException" message="no such element: Unable to locate element: {&amp;quot;method&amp;quot;:&amp;quot;xpath&amp;quot;,&amp;quot;selector&amp;quot;:&amp;quot;//div[@class=&amp;apos;header-bottom--right&amp;apos;]/button[@routerlink=&amp;apos;/signup&amp;apos;]&amp;quot;}
  (Session info: chrome=91.0.4472.164)
For documentation on this error, please visit: https://www.seleniumhq.org/exceptions/no_such_element.html
Build info: version: &amp;apos;3.141.59&amp;apos;, revision: &amp;apos;e82be7d358&amp;apos;, time: &amp;apos;2018-11-14T08:17:03&amp;apos;
System info: host: &amp;apos;LAPTOP-SV8R383S&amp;apos;, ip: &amp;apos;192.168.45.139&amp;apos;, os.name: &amp;apos;Windows 10&amp;apos;, os.arch: &amp;apos;amd64&amp;apos;, os.version: &amp;apos;10.0&amp;apos;, java.version: &amp;apos;1.8.0_241&amp;apos;
Driver info: org.openqa.selenium.chrome.ChromeDriver
Capabilities {acceptInsecureCerts: false, browserName: chrome, browserVersion: 91.0.4472.164, chrome: {chromedriverVersion: 91.0.4472.101 (af52a90bf870..., userDataDir: C:\Users\user\AppData\Local...}, goog:chromeOptions: {debuggerAddress: localhost:63590}, javascriptEnabled: true, networkConnectionEnabled: false, pageLoadStrategy: none, platform: WINDOWS, platformName: WINDOWS, proxy: Proxy(), setWindowRect: true, strictFileInteractability: false, timeouts: {implicit: 0, pageLoad: 300000, script: 30000}, unhandledPromptBehavior: dismiss and notify, webauthn:extension:largeBlob: true, webauthn:virtualAuthenticators: true}
Session ID: 9201816caf6f60a52ed5d41609111d64
*** Element info: {Using=xpath, value=//div[@class=&amp;apos;header-bottom--right&amp;apos;]/button[@routerlink=&amp;apos;/signup&amp;apos;]}">
      <![CDATA[org.openqa.selenium.NoSuchElementException: no such element: Unable to locate element: {"method":"xpath","selector":"//div[@class='header-bottom--right']/button[@routerlink='/signup']"}
  (Session info: chrome=91.0.4472.164)
For documentation on this error, please visit: https://www.seleniumhq.org/exceptions/no_such_element.html
Build info: version: '3.141.59', revision: 'e82be7d358', time: '2018-11-14T08:17:03'
System info: host: 'LAPTOP-SV8R383S', ip: '192.168.45.139', os.name: 'Windows 10', os.arch: 'amd64', os.version: '10.0', java.version: '1.8.0_241'
Driver info: org.openqa.selenium.chrome.ChromeDriver
Capabilities {acceptInsecureCerts: false, browserName: chrome, browserVersion: 91.0.4472.164, chrome: {chromedriverVersion: 91.0.4472.101 (af52a90bf870..., userDataDir: C:\Users\user\AppData\Local...}, goog:chromeOptions: {debuggerAddress: localhost:63590}, javascriptEnabled: true, networkConnectionEnabled: false, pageLoadStrategy: none, platform: WINDOWS, platformName: WINDOWS, proxy: Proxy(), setWindowRect: true, strictFileInteractability: false, timeouts: {implicit: 0, pageLoad: 300000, script: 30000}, unhandledPromptBehavior: dismiss and notify, webauthn:extension:largeBlob: true, webauthn:virtualAuthenticators: true}
Session ID: 9201816caf6f60a52ed5d41609111d64
*** Element info: {Using=xpath, value=//div[@class='header-bottom--right']/button[@routerlink='/signup']}
at org.openqa.selenium.remote.http.W3CHttpResponseCodec.createException(W3CHttpResponseCodec.java:187)
at org.openqa.selenium.remote.http.W3CHttpResponseCodec.decode(W3CHttpResponseCodec.java:122)
at org.openqa.selenium.remote.http.W3CHttpResponseCodec.decode(W3CHttpResponseCodec.java:49)
at org.openqa.selenium.remote.HttpCommandExecutor.execute(HttpCommandExecutor.java:158)
at org.openqa.selenium.remote.service.DriverCommandExecutor.execute(DriverCommandExecutor.java:83)
at org.openqa.selenium.remote.RemoteWebDriver.execute(RemoteWebDriver.java:552)
at org.openqa.selenium.remote.RemoteWebDriver.findElement(RemoteWebDriver.java:323)
at org.openqa.selenium.remote.RemoteWebDriver.findElementByXPath(RemoteWebDriver.java:428)
at org.openqa.selenium.By$ByXPath.findElement(By.java:353)
at org.openqa.selenium.remote.RemoteWebDriver.findElement(RemoteWebDriver.java:315)
at org.openqa.selenium.support.pagefactory.DefaultElementLocator.findElement(DefaultElementLocator.java:69)
at org.openqa.selenium.support.pagefactory.internal.LocatingElementHandler.invoke(LocatingElementHandler.java:38)
at com.sun.proxy.$Proxy10.click(Unknown Source)
at utility.BaseClass.ClickOnElement(BaseClass.java:104)
at tests.TC_signup.precondition(TC_signup.java:45)
... Removed 32 stack frames]]>
    </failure>
  </testcase> <!-- @BeforeTest precondition -->
  <testcase name="@BeforeTest precondition" time="-1.62727733454E9" classname="tests.TC_signupPositive">
    <skipped/>
  </testcase> <!-- @BeforeTest precondition -->
  <testcase name="@BeforeMethod refresh" time="-1.62727733568E9" classname="tests.TC_signup">
    <skipped/>
  </testcase> <!-- @BeforeMethod refresh -->
  <testcase name="@BeforeMethod refresh" time="-1.627277336464E9" classname="tests.TC_signup">
    <skipped/>
  </testcase> <!-- @BeforeMethod refresh -->
  <testcase name="@BeforeMethod refresh" time="-1.627277336678E9" classname="tests.TC_signup">
    <skipped/>
  </testcase> <!-- @BeforeMethod refresh -->
  <testcase name="@BeforeMethod refresh" time="-1.627277336878E9" classname="tests.TC_signup">
    <skipped/>
  </testcase> <!-- @BeforeMethod refresh -->
  <testcase name="@BeforeMethod refresh" time="-1.627277337096E9" classname="tests.TC_signup">
    <skipped/>
  </testcase> <!-- @BeforeMethod refresh -->
  <testcase name="@BeforeMethod refresh" time="-1.627277337301E9" classname="tests.TC_signupPositive">
    <skipped/>
  </testcase> <!-- @BeforeMethod refresh -->
  <testcase name="@BeforeMethod refresh" time="-1.62727733748E9" classname="tests.TC_signupPositive">
    <skipped/>
  </testcase> <!-- @BeforeMethod refresh -->
  <testcase name="phone_Negative_Scenario" time="0.0" classname="tests.TC_signup">
    <skipped/>
  </testcase> <!-- phone_Negative_Scenario -->
  <testcase name="phone_Negative_Scenario" time="0.0" classname="tests.TC_signup">
    <skipped/>
  </testcase> <!-- phone_Negative_Scenario -->
  <testcase name="phone_Negative_Scenario" time="0.0" classname="tests.TC_signup">
    <skipped/>
  </testcase> <!-- phone_Negative_Scenario -->
  <testcase name="phone_Negative_Scenario" time="0.0" classname="tests.TC_signup">
    <skipped/>
  </testcase> <!-- phone_Negative_Scenario -->
  <testcase name="phone_Negative_Scenario" time="0.0" classname="tests.TC_signup">
    <skipped/>
  </testcase> <!-- phone_Negative_Scenario -->
  <testcase name="email_Negative_Scenario" time="0.0" classname="tests.TC_signupPositive">
    <skipped/>
  </testcase> <!-- email_Negative_Scenario -->
  <testcase name="test_Signup_positive_flow" time="0.0" classname="tests.TC_signupPositive">
    <skipped/>
  </testcase> <!-- test_Signup_positive_flow -->
  <testcase name="@AfterSuite tearDown" time="0.0" classname="utility.BaseClass">
    <ignored/>
  </testcase> <!-- @AfterSuite tearDown -->
  <testcase name="@BeforeSuite setup" time="0.0" classname="utility.BaseClass">
    <ignored/>
  </testcase> <!-- @BeforeSuite setup -->
</testsuite> <!-- Test -->
